android.project/app/build/outputs/logs/manifest-merger-debug-report.txt
-- Merging decision tree log ---
manifest
ADDED from src/main/AndroidManifest.xml:3:1-31:12
	package
		ADDED from src/main/AndroidManifest.xml:4:5-29
		INJECTED from src/main/AndroidManifest.xml
		INJECTED from src/main/AndroidManifest.xml
	android:versionName
		ADDED from src/main/AndroidManifest.xml:6:5-32
		INJECTED from src/main/AndroidManifest.xml
		INJECTED from src/main/AndroidManifest.xml
	android:versionCode
		ADDED from src/main/AndroidManifest.xml:5:5-28
		INJECTED from src/main/AndroidManifest.xml
		INJECTED from src/main/AndroidManifest.xml
	xmlns:android
		ADDED from src/main/AndroidManifest.xml:3:11-69
	android:installLocation
		ADDED from src/main/AndroidManifest.xml:7:5-45
application
ADDED from src/main/AndroidManifest.xml:9:5-27:19
MERGED from [com.android.support:support-v4:23.1.1] AndroidManifest.xml:22:5-20
	android:label
		ADDED from src/main/AndroidManifest.xml:9:18-44
	android:hardwareAccelerated
		ADDED from src/main/AndroidManifest.xml:13:18-52
	android:allowBackup
		ADDED from src/main/AndroidManifest.xml:11:18-44
	android:icon
		ADDED from src/main/AndroidManifest.xml:10:18-47
	android:theme
		ADDED from src/main/AndroidManifest.xml:12:18-76
activity#com.frejo.test.AppActivity
ADDED from src/main/AndroidManifest.xml:15:9-26:20
	android:screenOrientation
		ADDED from src/main/AndroidManifest.xml:18:19-55
	android:label
		ADDED from src/main/AndroidManifest.xml:16:19-45
	android:launchMode
		ADDED from src/main/AndroidManifest.xml:17:19-50
	android:configChanges
		ADDED from src/main/AndroidManifest.xml:19:19-93
	android:name
		ADDED from src/main/AndroidManifest.xml:15:19-60
intent-filter#android.intent.action.MAIN+android.intent.category.LAUNCHER+tv.ouya.intent.category.GAME
ADDED from src/main/AndroidManifest.xml:21:13-25:29
action#android.intent.action.MAIN
ADDED from src/main/AndroidManifest.xml:22:17-69
	android:name
		ADDED from src/main/AndroidManifest.xml:22:25-66
category#android.intent.category.LAUNCHER
ADDED from src/main/AndroidManifest.xml:23:17-77
	android:name
		ADDED from src/main/AndroidManifest.xml:23:27-74
category#tv.ouya.intent.category.GAME
ADDED from src/main/AndroidManifest.xml:24:17-73
	android:name
		ADDED from src/main/AndroidManifest.xml:24:27-70
uses-feature#0x00020000
ADDED from src/main/AndroidManifest.xml:29:5-54
	android:glEsVersion
		ADDED from src/main/AndroidManifest.xml:29:19-51
uses-sdk
INJECTED from src/main/AndroidManifest.xml reason: use-sdk injection requested
MERGED from [com.android.support:support-v4:23.1.1] AndroidManifest.xml:20:5-43
	android:minSdkVersion
		INJECTED from src/main/AndroidManifest.xml
		INJECTED from src/main/AndroidManifest.xml